Determining if the pthread_create exist failed with the following output:
Change Dir: /home/lilly/Desktop/DockerSpace/irisbot_ROS/build/CMakeFiles/CMakeTmp

Run Build Command:"/usr/bin/make" "cmTC_dcd53/fast"
/usr/bin/make -f CMakeFiles/cmTC_dcd53.dir/build.make CMakeFiles/cmTC_dcd53.dir/build
make[1]: Entering directory '/home/lilly/Desktop/DockerSpace/irisbot_ROS/build/CMakeFiles/CMakeTmp'
Building C object CMakeFiles/cmTC_dcd53.dir/CheckSymbolExists.c.o
/usr/bin/cc     -o CMakeFiles/cmTC_dcd53.dir/CheckSymbolExists.c.o   -c /home/lilly/Desktop/DockerSpace/irisbot_ROS/build/CMakeFiles/CMakeTmp/CheckSymbolExists.c
Linking C executable cmTC_dcd53
/usr/bin/cmake -E cmake_link_script CMakeFiles/cmTC_dcd53.dir/link.txt --verbose=1
/usr/bin/cc       CMakeFiles/cmTC_dcd53.dir/CheckSymbolExists.c.o  -o cmTC_dcd53 -rdynamic 
CMakeFiles/cmTC_dcd53.dir/CheckSymbolExists.c.o: In function `main':
CheckSymbolExists.c:(.text+0x16): undefined reference to `pthread_create'
collect2: error: ld returned 1 exit status
CMakeFiles/cmTC_dcd53.dir/build.make:97: recipe for target 'cmTC_dcd53' failed
make[1]: *** [cmTC_dcd53] Error 1
make[1]: Leaving directory '/home/lilly/Desktop/DockerSpace/irisbot_ROS/build/CMakeFiles/CMakeTmp'
Makefile:126: recipe for target 'cmTC_dcd53/fast' failed
make: *** [cmTC_dcd53/fast] Error 2

File /home/lilly/Desktop/DockerSpace/irisbot_ROS/build/CMakeFiles/CMakeTmp/CheckSymbolExists.c:
/* */
#include <pthread.h>

int main(int argc, char** argv)
{
  (void)argv;
#ifndef pthread_create
  return ((int*)(&pthread_create))[argc];
#else
  (void)argc;
  return 0;
#endif
}

Determining if the function pthread_create exists in the pthreads failed with the following output:
Change Dir: /home/lilly/Desktop/DockerSpace/irisbot_ROS/build/CMakeFiles/CMakeTmp

Run Build Command:"/usr/bin/make" "cmTC_64437/fast"
/usr/bin/make -f CMakeFiles/cmTC_64437.dir/build.make CMakeFiles/cmTC_64437.dir/build
make[1]: Entering directory '/home/lilly/Desktop/DockerSpace/irisbot_ROS/build/CMakeFiles/CMakeTmp'
Building C object CMakeFiles/cmTC_64437.dir/CheckFunctionExists.c.o
/usr/bin/cc    -DCHECK_FUNCTION_EXISTS=pthread_create   -o CMakeFiles/cmTC_64437.dir/CheckFunctionExists.c.o   -c /usr/share/cmake-3.5/Modules/CheckFunctionExists.c
Linking C executable cmTC_64437
/usr/bin/cmake -E cmake_link_script CMakeFiles/cmTC_64437.dir/link.txt --verbose=1
/usr/bin/cc   -DCHECK_FUNCTION_EXISTS=pthread_create    CMakeFiles/cmTC_64437.dir/CheckFunctionExists.c.o  -o cmTC_64437 -rdynamic -lpthreads 
/usr/bin/ld: cannot find -lpthreads
collect2: error: ld returned 1 exit status
CMakeFiles/cmTC_64437.dir/build.make:97: recipe for target 'cmTC_64437' failed
make[1]: *** [cmTC_64437] Error 1
make[1]: Leaving directory '/home/lilly/Desktop/DockerSpace/irisbot_ROS/build/CMakeFiles/CMakeTmp'
Makefile:126: recipe for target 'cmTC_64437/fast' failed
make: *** [cmTC_64437/fast] Error 2


